Build started 16.7.2015 г. 13:28:40 ч..
     1>Project "C:\Users\Toni\Documents\Visual Studio 2013\Projects\testing\queue_Array_implementation\queue_Array_implementation.vcxproj" on node 2 (Build target(s)).
     1>ClCompile:
         C:\Program Files (x86)\Microsoft Visual Studio 12.0\VC\bin\CL.exe /c /ZI /nologo /W3 /WX- /sdl /Od /Oy- /D _MBCS /Gm /EHsc /RTC1 /MDd /GS /fp:precise /Zc:wchar_t /Zc:forScope /Fo"Debug\\" /Fd"Debug\vc120.pdb" /Gd /TP /analyze- /errorReport:prompt Queue.cpp
         Queue.cpp
     1>c:\users\toni\documents\visual studio 2013\projects\testing\queue_array_implementation\queue.cpp(52): error C2275: 'std::exception' : illegal use of this type as an expression
                 c:\program files (x86)\microsoft visual studio 12.0\vc\include\exception(90) : see declaration of 'std::exception'
     1>c:\users\toni\documents\visual studio 2013\projects\testing\queue_array_implementation\queue.cpp(52): error C2143: syntax error : missing ';' before '}'
     1>Done Building Project "C:\Users\Toni\Documents\Visual Studio 2013\Projects\testing\queue_Array_implementation\queue_Array_implementation.vcxproj" (Build target(s)) -- FAILED.

Build FAILED.

Time Elapsed 00:00:06.77
